<?xml version="1.0" encoding="UTF-8"?>
<testng-results ignored="0" total="3" passed="3" failed="0" skipped="0">
  <reporter-output>
  </reporter-output>
  <suite started-at="2023-02-14T12:10:56 ICT" name="com.dhana_PipelineUAS_jar_1.0-SNAPSHOT" finished-at="2023-02-14T12:11:05 ICT" duration-ms="9088">
    <groups>
    </groups>
    <test started-at="2023-02-14T12:10:56 ICT" name="AUT Test" finished-at="2023-02-14T12:11:05 ICT" duration-ms="9088">
      <class name="TestCase3">
        <test-method is-config="true" signature="setUp()[pri:0, instance:TestCase3@460d0a57]" started-at="2023-02-14T12:11:01 ICT" name="setUp" finished-at="2023-02-14T12:11:02 ICT" duration-ms="735" status="PASS">
          <reporter-output>
          </reporter-output>
        </test-method> <!-- setUp -->
        <test-method is-config="true" signature="setUpClass()[pri:0, instance:TestCase3@460d0a57]" started-at="2023-02-14T12:11:04 ICT" name="setUpClass" finished-at="2023-02-14T12:11:04 ICT" duration-ms="1" status="PASS">
          <reporter-output>
          </reporter-output>
        </test-method> <!-- setUpClass -->
        <test-method signature="thirdCase()[pri:0, instance:TestCase3@460d0a57]" started-at="2023-02-14T12:11:04 ICT" name="thirdCase" finished-at="2023-02-14T12:11:05 ICT" duration-ms="782" status="PASS">
          <reporter-output>
          </reporter-output>
        </test-method> <!-- thirdCase -->
        <test-method is-config="true" signature="setUpMethod()[pri:0, instance:TestCase3@460d0a57]" started-at="2023-02-14T12:11:04 ICT" name="setUpMethod" finished-at="2023-02-14T12:11:04 ICT" duration-ms="0" status="PASS">
          <reporter-output>
          </reporter-output>
        </test-method> <!-- setUpMethod -->
        <test-method is-config="true" signature="tearDownMethod()[pri:0, instance:TestCase3@460d0a57]" started-at="2023-02-14T12:11:05 ICT" name="tearDownMethod" finished-at="2023-02-14T12:11:05 ICT" duration-ms="1" status="PASS">
          <reporter-output>
          </reporter-output>
        </test-method> <!-- tearDownMethod -->
        <test-method is-config="true" signature="tearDownClass()[pri:0, instance:TestCase3@460d0a57]" started-at="2023-02-14T12:11:05 ICT" name="tearDownClass" finished-at="2023-02-14T12:11:05 ICT" duration-ms="0" status="PASS">
          <reporter-output>
          </reporter-output>
        </test-method> <!-- tearDownClass -->
        <test-method is-config="true" signature="tearDown()[pri:0, instance:TestCase3@460d0a57]" started-at="2023-02-14T12:11:05 ICT" name="tearDown" finished-at="2023-02-14T12:11:05 ICT" duration-ms="167" status="PASS">
          <reporter-output>
          </reporter-output>
        </test-method> <!-- tearDown -->
      </class> <!-- TestCase3 -->
      <class name="TestCase2">
        <test-method is-config="true" signature="setUp()[pri:0, instance:TestCase2@3c22fc4c]" started-at="2023-02-14T12:11:00 ICT" name="setUp" finished-at="2023-02-14T12:11:01 ICT" duration-ms="718" status="PASS">
          <reporter-output>
          </reporter-output>
        </test-method> <!-- setUp -->
        <test-method is-config="true" signature="setUpClass()[pri:0, instance:TestCase2@3c22fc4c]" started-at="2023-02-14T12:11:02 ICT" name="setUpClass" finished-at="2023-02-14T12:11:02 ICT" duration-ms="1" status="PASS">
          <reporter-output>
          </reporter-output>
        </test-method> <!-- setUpClass -->
        <test-method is-config="true" signature="setUpMethod()[pri:0, instance:TestCase2@3c22fc4c]" started-at="2023-02-14T12:11:02 ICT" name="setUpMethod" finished-at="2023-02-14T12:11:02 ICT" duration-ms="1" status="PASS">
          <reporter-output>
          </reporter-output>
        </test-method> <!-- setUpMethod -->
        <test-method signature="secondCase()[pri:0, instance:TestCase2@3c22fc4c]" started-at="2023-02-14T12:11:02 ICT" name="secondCase" finished-at="2023-02-14T12:11:04 ICT" duration-ms="1578" status="PASS">
          <reporter-output>
          </reporter-output>
        </test-method> <!-- secondCase -->
        <test-method is-config="true" signature="tearDownMethod()[pri:0, instance:TestCase2@3c22fc4c]" started-at="2023-02-14T12:11:04 ICT" name="tearDownMethod" finished-at="2023-02-14T12:11:04 ICT" duration-ms="1" status="PASS">
          <reporter-output>
          </reporter-output>
        </test-method> <!-- tearDownMethod -->
        <test-method is-config="true" signature="tearDownClass()[pri:0, instance:TestCase2@3c22fc4c]" started-at="2023-02-14T12:11:04 ICT" name="tearDownClass" finished-at="2023-02-14T12:11:04 ICT" duration-ms="1" status="PASS">
          <reporter-output>
          </reporter-output>
        </test-method> <!-- tearDownClass -->
        <test-method is-config="true" signature="tearDown()[pri:0, instance:TestCase2@3c22fc4c]" started-at="2023-02-14T12:11:05 ICT" name="tearDown" finished-at="2023-02-14T12:11:05 ICT" duration-ms="183" status="PASS">
          <reporter-output>
          </reporter-output>
        </test-method> <!-- tearDown -->
      </class> <!-- TestCase2 -->
      <class name="TestCase1">
        <test-method is-config="true" signature="setUp()[pri:0, instance:TestCase1@1534f01b]" started-at="2023-02-14T12:10:56 ICT" name="setUp" finished-at="2023-02-14T12:11:00 ICT" duration-ms="3771" status="PASS">
          <reporter-output>
          </reporter-output>
        </test-method> <!-- setUp -->
        <test-method is-config="true" signature="setUpClass()[pri:0, instance:TestCase1@1534f01b]" started-at="2023-02-14T12:11:02 ICT" name="setUpClass" finished-at="2023-02-14T12:11:02 ICT" duration-ms="1" status="PASS">
          <reporter-output>
          </reporter-output>
        </test-method> <!-- setUpClass -->
        <test-method is-config="true" signature="setUpMethod()[pri:0, instance:TestCase1@1534f01b]" started-at="2023-02-14T12:11:02 ICT" name="setUpMethod" finished-at="2023-02-14T12:11:02 ICT" duration-ms="1" status="PASS">
          <reporter-output>
          </reporter-output>
        </test-method> <!-- setUpMethod -->
        <test-method signature="firstCase()[pri:0, instance:TestCase1@1534f01b]" started-at="2023-02-14T12:11:02 ICT" name="firstCase" finished-at="2023-02-14T12:11:02 ICT" duration-ms="815" status="PASS">
          <reporter-output>
          </reporter-output>
        </test-method> <!-- firstCase -->
        <test-method is-config="true" signature="tearDownMethod()[pri:0, instance:TestCase1@1534f01b]" started-at="2023-02-14T12:11:02 ICT" name="tearDownMethod" finished-at="2023-02-14T12:11:02 ICT" duration-ms="1" status="PASS">
          <reporter-output>
          </reporter-output>
        </test-method> <!-- tearDownMethod -->
        <test-method is-config="true" signature="tearDownClass()[pri:0, instance:TestCase1@1534f01b]" started-at="2023-02-14T12:11:02 ICT" name="tearDownClass" finished-at="2023-02-14T12:11:02 ICT" duration-ms="0" status="PASS">
          <reporter-output>
          </reporter-output>
        </test-method> <!-- tearDownClass -->
        <test-method is-config="true" signature="tearDown()[pri:0, instance:TestCase1@1534f01b]" started-at="2023-02-14T12:11:05 ICT" name="tearDown" finished-at="2023-02-14T12:11:05 ICT" duration-ms="281" status="PASS">
          <reporter-output>
          </reporter-output>
        </test-method> <!-- tearDown -->
      </class> <!-- TestCase1 -->
    </test> <!-- AUT Test -->
  </suite> <!-- com.dhana_PipelineUAS_jar_1.0-SNAPSHOT -->
</testng-results>
